<?xml version="1.0" encoding="UTF-8"?>
<!-- Generated by org.testng.reporters.JUnitXMLReporter -->
<testsuite hostname="arka2-PC" ignored="1" name="Test" tests="2" failures="0" timestamp="11 Feb 2021 08:18:48 GMT" time="67.356" errors="0">
  <testcase name="TestValidIssuDate" time="17.993" classname="com.maven.scripts.TestIssueDate"/>
  <testcase name="TestValidProductEdition" time="5.598" classname="com.maven.scripts.TestProductEdition"/>
  <testcase name="@AfterSuite PrintReport" time="0.0" classname="com.manevn.generics.BaseTest">
    <ignored/>
  </testcase> <!-- @AfterSuite PrintReport -->
</testsuite> <!-- Test -->
